This is pdfTeX, Version 3.14159265-2.6-1.40.19 (TeX Live 2018) (preloaded format=pdflatex 2019.1.19)  19 MAR 2019 13:58
entering extended mode
 restricted \write18 enabled.
 %&-line parsing enabled.
**"report copy.tex" -file-line-error
(./report copy.tex
LaTeX2e <2018-04-01> patch level 2
Babel <3.18> and hyphenation patterns for 22 language(s) loaded.
(/usr/local/texlive/2018basic/texmf-dist/tex/latex/base/article.cls
Document Class: article 2014/09/29 v1.4h Standard LaTeX document class
(/usr/local/texlive/2018basic/texmf-dist/tex/latex/base/size11.clo
File: size11.clo 2014/09/29 v1.4h Standard LaTeX file (size option)
)
\c@part=\count80
\c@section=\count81
\c@subsection=\count82
\c@subsubsection=\count83
\c@paragraph=\count84
\c@subparagraph=\count85
\c@figure=\count86
\c@table=\count87
\abovecaptionskip=\skip41
\belowcaptionskip=\skip42
\bibindent=\dimen102
)
(/usr/local/texlive/2018basic/texmf-dist/tex/latex/url/url.sty
\Urlmuskip=\muskip10
Package: url 2013/09/16  ver 3.4  Verb mode for urls, etc.
)
(/usr/local/texlive/2018basic/texmf-dist/tex/latex/amsmath/amsmath.sty
Package: amsmath 2017/09/02 v2.17a AMS math features
\@mathmargin=\skip43

For additional information on amsmath, use the `?' option.
(/usr/local/texlive/2018basic/texmf-dist/tex/latex/amsmath/amstext.sty
Package: amstext 2000/06/29 v2.01 AMS text

(/usr/local/texlive/2018basic/texmf-dist/tex/latex/amsmath/amsgen.sty
File: amsgen.sty 1999/11/30 v2.0 generic functions
\@emptytoks=\toks14
\ex@=\dimen103
))
(/usr/local/texlive/2018basic/texmf-dist/tex/latex/amsmath/amsbsy.sty
Package: amsbsy 1999/11/29 v1.2d Bold Symbols
\pmbraise@=\dimen104
)
(/usr/local/texlive/2018basic/texmf-dist/tex/latex/amsmath/amsopn.sty
Package: amsopn 2016/03/08 v2.02 operator names
)
\inf@bad=\count88
LaTeX Info: Redefining \frac on input line 213.
\uproot@=\count89
\leftroot@=\count90
LaTeX Info: Redefining \overline on input line 375.
\classnum@=\count91
\DOTSCASE@=\count92
LaTeX Info: Redefining \ldots on input line 472.
LaTeX Info: Redefining \dots on input line 475.
LaTeX Info: Redefining \cdots on input line 596.
\Mathstrutbox@=\box26
\strutbox@=\box27
\big@size=\dimen105
LaTeX Font Info:    Redeclaring font encoding OML on input line 712.
LaTeX Font Info:    Redeclaring font encoding OMS on input line 713.
\macc@depth=\count93
\c@MaxMatrixCols=\count94
\dotsspace@=\muskip11
\c@parentequation=\count95
\dspbrk@lvl=\count96
\tag@help=\toks15
\row@=\count97
\column@=\count98
\maxfields@=\count99
\andhelp@=\toks16
\eqnshift@=\dimen106
\alignsep@=\dimen107
\tagshift@=\dimen108
\tagwidth@=\dimen109
\totwidth@=\dimen110
\lineht@=\dimen111
\@envbody=\toks17
\multlinegap=\skip44
\multlinetaggap=\skip45
\mathdisplay@stack=\toks18
LaTeX Info: Redefining \[ on input line 2817.
LaTeX Info: Redefining \] on input line 2818.
)
(/usr/local/texlive/2018basic/texmf-dist/tex/latex/amsfonts/amsfonts.sty
Package: amsfonts 2013/01/14 v3.01 Basic AMSFonts support
\symAMSa=\mathgroup4
\symAMSb=\mathgroup5
LaTeX Font Info:    Overwriting math alphabet `\mathfrak' in version `bold'
(Font)                  U/euf/m/n --> U/euf/b/n on input line 106.
)
(/usr/local/texlive/2018basic/texmf-dist/tex/latex/amsfonts/amssymb.sty
Package: amssymb 2013/01/14 v3.01 AMS font symbols
)
(/usr/local/texlive/2018basic/texmf-dist/tex/latex/tools/bm.sty
Package: bm 2017/01/16 v1.2c Bold Symbol Support (DPC/FMi)
\symboldoperators=\mathgroup6
\symboldletters=\mathgroup7
\symboldsymbols=\mathgroup8
LaTeX Font Info:    Redeclaring math alphabet \mathbf on input line 141.
LaTeX Info: Redefining \bm on input line 207.
)
(/usr/local/texlive/2018basic/texmf-dist/tex/latex/graphics/graphicx.sty
Package: graphicx 2017/06/01 v1.1a Enhanced LaTeX Graphics (DPC,SPQR)

(/usr/local/texlive/2018basic/texmf-dist/tex/latex/graphics/keyval.sty
Package: keyval 2014/10/28 v1.15 key=value parser (DPC)
\KV@toks@=\toks19
)
(/usr/local/texlive/2018basic/texmf-dist/tex/latex/graphics/graphics.sty
Package: graphics 2017/06/25 v1.2c Standard LaTeX Graphics (DPC,SPQR)

(/usr/local/texlive/2018basic/texmf-dist/tex/latex/graphics/trig.sty
Package: trig 2016/01/03 v1.10 sin cos tan (DPC)
)
(/usr/local/texlive/2018basic/texmf-dist/tex/latex/graphics-cfg/graphics.cfg
File: graphics.cfg 2016/06/04 v1.11 sample graphics configuration
)
Package graphics Info: Driver file: pdftex.def on input line 99.

(/usr/local/texlive/2018basic/texmf-dist/tex/latex/graphics-def/pdftex.def
File: pdftex.def 2018/01/08 v1.0l Graphics/color driver for pdftex
))
\Gin@req@height=\dimen112
\Gin@req@width=\dimen113
)
(/usr/local/texlive/2018basic/texmf-dist/tex/latex/tools/enumerate.sty
Package: enumerate 2015/07/23 v3.00 enumerate extensions (DPC)
\@enLab=\toks20
)
(/usr/local/texlive/2018basic/texmf-dist/tex/latex/subfig/subfig.sty
Package: subfig 2005/06/28 ver: 1.3 subfig package

(/usr/local/texlive/2018basic/texmf-dist/tex/latex/caption/caption.sty
Package: caption 2016/02/21 v3.3-144 Customizing captions (AR)

(/usr/local/texlive/2018basic/texmf-dist/tex/latex/caption/caption3.sty
Package: caption3 2016/05/22 v1.7-166 caption3 kernel (AR)
Package caption3 Info: TeX engine: e-TeX on input line 67.
\captionmargin=\dimen114
\captionmargin@=\dimen115
\captionwidth=\dimen116
\caption@tempdima=\dimen117
\caption@indent=\dimen118
\caption@parindent=\dimen119
\caption@hangindent=\dimen120
)
\c@ContinuedFloat=\count100
)
\c@KVtest=\count101
\sf@farskip=\skip46
\sf@captopadj=\dimen121
\sf@capskip=\skip47
\sf@nearskip=\skip48
\c@subfigure=\count102
\c@subfigure@save=\count103
\c@lofdepth=\count104
\c@subtable=\count105
\c@subtable@save=\count106
\c@lotdepth=\count107
\sf@top=\skip49
\sf@bottom=\skip50
)
\c@definition=\count108
\c@remark=\count109
\c@properties=\count110
\c@example=\count111
\c@theorem=\count112
\c@observation=\count113
\toppush=\skip51

(./report copy.aux)
\openout1 = `"report copy.aux"'.

LaTeX Font Info:    Checking defaults for OML/cmm/m/it on input line 62.
LaTeX Font Info:    ... okay on input line 62.
LaTeX Font Info:    Checking defaults for T1/cmr/m/n on input line 62.
LaTeX Font Info:    ... okay on input line 62.
LaTeX Font Info:    Checking defaults for OT1/cmr/m/n on input line 62.
LaTeX Font Info:    ... okay on input line 62.
LaTeX Font Info:    Checking defaults for OMS/cmsy/m/n on input line 62.
LaTeX Font Info:    ... okay on input line 62.
LaTeX Font Info:    Checking defaults for OMX/cmex/m/n on input line 62.
LaTeX Font Info:    ... okay on input line 62.
LaTeX Font Info:    Checking defaults for U/cmr/m/n on input line 62.
LaTeX Font Info:    ... okay on input line 62.

(/usr/local/texlive/2018basic/texmf-dist/tex/context/base/mkii/supp-pdf.mkii
[Loading MPS to PDF converter (version 2006.09.02).]
\scratchcounter=\count114
\scratchdimen=\dimen122
\scratchbox=\box28
\nofMPsegments=\count115
\nofMParguments=\count116
\everyMPshowfont=\toks21
\MPscratchCnt=\count117
\MPscratchDim=\dimen123
\MPnumerator=\count118
\makeMPintoPDFobject=\count119
\everyMPtoPDFconversion=\toks22
) (/usr/local/texlive/2018basic/texmf-dist/tex/latex/oberdiek/epstopdf-base.sty
Package: epstopdf-base 2016/05/15 v2.6 Base part for package epstopdf
(/usr/local/texlive/2018basic/texmf-dist/tex/generic/oberdiek/infwarerr.sty
Package: infwarerr 2016/05/16 v1.4 Providing info/warning/error messages (HO)
)
(/usr/local/texlive/2018basic/texmf-dist/tex/latex/oberdiek/grfext.sty
Package: grfext 2016/05/16 v1.2 Manage graphics extensions (HO)

(/usr/local/texlive/2018basic/texmf-dist/tex/generic/oberdiek/kvdefinekeys.sty
Package: kvdefinekeys 2016/05/16 v1.4 Define keys (HO)

(/usr/local/texlive/2018basic/texmf-dist/tex/generic/oberdiek/ltxcmds.sty
Package: ltxcmds 2016/05/16 v1.23 LaTeX kernel commands for general use (HO)
)))
(/usr/local/texlive/2018basic/texmf-dist/tex/latex/oberdiek/kvoptions.sty
Package: kvoptions 2016/05/16 v3.12 Key value format for package options (HO)

(/usr/local/texlive/2018basic/texmf-dist/tex/generic/oberdiek/kvsetkeys.sty
Package: kvsetkeys 2016/05/16 v1.17 Key value parser (HO)

(/usr/local/texlive/2018basic/texmf-dist/tex/generic/oberdiek/etexcmds.sty
Package: etexcmds 2016/05/16 v1.6 Avoid name clashes with e-TeX commands (HO)

(/usr/local/texlive/2018basic/texmf-dist/tex/generic/oberdiek/ifluatex.sty
Package: ifluatex 2016/05/16 v1.4 Provides the ifluatex switch (HO)
Package ifluatex Info: LuaTeX not detected.
)
Package etexcmds Info: Could not find \expanded.
(etexcmds)             That can mean that you are not using pdfTeX 1.50 or
(etexcmds)             that some package has redefined \expanded.
(etexcmds)             In the latter case, load this package earlier.
)))
(/usr/local/texlive/2018basic/texmf-dist/tex/generic/oberdiek/pdftexcmds.sty
Package: pdftexcmds 2018/01/30 v0.27 Utility functions of pdfTeX for LuaTeX (HO
)

(/usr/local/texlive/2018basic/texmf-dist/tex/generic/oberdiek/ifpdf.sty
Package: ifpdf 2017/03/15 v3.2 Provides the ifpdf switch
)
Package pdftexcmds Info: LuaTeX not detected.
Package pdftexcmds Info: \pdf@primitive is available.
Package pdftexcmds Info: \pdf@ifprimitive is available.
Package pdftexcmds Info: \pdfdraftmode found.
)
Package epstopdf-base Info: Redefining graphics rule for `.eps' on input line 4
38.
Package grfext Info: Graphics extension search list:
(grfext)             [.pdf,.png,.jpg,.mps,.jpeg,.jbig2,.jb2,.PDF,.PNG,.JPG,.JPE
G,.JBIG2,.JB2,.eps]
(grfext)             \AppendGraphicsExtensions on input line 456.

(/usr/local/texlive/2018basic/texmf-dist/tex/latex/latexconfig/epstopdf-sys.cfg
File: epstopdf-sys.cfg 2010/07/13 v1.3 Configuration of (r)epstopdf for TeX Liv
e
))
Package caption Info: Begin \AtBeginDocument code.
Package caption Info: subfig package v1.3 is loaded.
Package caption Info: End \AtBeginDocument code.
LaTeX Font Info:    Try loading font information for U+msa on input line 65.
 (/usr/local/texlive/2018basic/texmf-dist/tex/latex/amsfonts/umsa.fd
File: umsa.fd 2013/01/14 v3.01 AMS symbols A
)
LaTeX Font Info:    Try loading font information for U+msb on input line 65.

(/usr/local/texlive/2018basic/texmf-dist/tex/latex/amsfonts/umsb.fd
File: umsb.fd 2013/01/14 v3.01 AMS symbols B
)
Underfull \hbox (badness 10000) in paragraph at lines 65--65

 []

[1

{/usr/local/texlive/2018basic/texmf-var/fonts/map/pdftex/updmap/pdftex.map}]
[2]
Overfull \hbox (13.92657pt too wide) in paragraph at lines 151--169
[][]
 []

<pca_3d.png, id=19, 1124.2pt x 843.15pt>
File: pca_3d.png Graphic file (type png)
<use pca_3d.png>
Package pdftex.def Info: pca_3d.png  used on input line 174.
(pdftex.def)             Requested size: 337.2626pt x 252.94695pt.

Overfull \hbox (13.93549pt too wide) in paragraph at lines 190--196
 [][] 
 []

[3]
<Imagedata_filted_L5L5.png, id=24, 511.9125pt x 511.9125pt>
File: Imagedata_filted_L5L5.png Graphic file (type png)
<use Imagedata_filted_L5L5.png>
Package pdftex.def Info: Imagedata_filted_L5L5.png  used on input line 221.
(pdftex.def)             Requested size: 102.38068pt x 102.38068pt.
<Imagedata_filted_L5E5.png, id=25, 511.9125pt x 511.9125pt>
File: Imagedata_filted_L5E5.png Graphic file (type png)
<use Imagedata_filted_L5E5.png>
Package pdftex.def Info: Imagedata_filted_L5E5.png  used on input line 227.
(pdftex.def)             Requested size: 102.38068pt x 102.38068pt.
<Imagedata_filted_L5R5.png, id=26, 511.9125pt x 511.9125pt>
File: Imagedata_filted_L5R5.png Graphic file (type png)
<use Imagedata_filted_L5R5.png>
Package pdftex.def Info: Imagedata_filted_L5R5.png  used on input line 233.
(pdftex.def)             Requested size: 102.38068pt x 102.38068pt.
<Imagedata_filted_L5S5.png, id=27, 511.9125pt x 511.9125pt>
File: Imagedata_filted_L5S5.png Graphic file (type png)
<use Imagedata_filted_L5S5.png>
Package pdftex.def Info: Imagedata_filted_L5S5.png  used on input line 239.
(pdftex.def)             Requested size: 102.38068pt x 102.38068pt.
<Imagedata_filted_L5W5.png, id=28, 511.9125pt x 511.9125pt>
File: Imagedata_filted_L5W5.png Graphic file (type png)
<use Imagedata_filted_L5W5.png>
Package pdftex.def Info: Imagedata_filted_L5W5.png  used on input line 245.
(pdftex.def)             Requested size: 102.38068pt x 102.38068pt.
<Imagedata_filted_E5L5.png, id=29, 511.9125pt x 511.9125pt>
File: Imagedata_filted_E5L5.png Graphic file (type png)
<use Imagedata_filted_E5L5.png>
Package pdftex.def Info: Imagedata_filted_E5L5.png  used on input line 251.
(pdftex.def)             Requested size: 102.38068pt x 102.38068pt.
<Imagedata_filted_E5E5.png, id=30, 511.9125pt x 511.9125pt>
File: Imagedata_filted_E5E5.png Graphic file (type png)
<use Imagedata_filted_E5E5.png>
Package pdftex.def Info: Imagedata_filted_E5E5.png  used on input line 257.
(pdftex.def)             Requested size: 102.38068pt x 102.38068pt.
 [4 <./pca_3d.png (PNG copy)>] [5 <./Imagedata_filted_L5L5.png (PNG copy)> <./I
magedata_filted_L5E5.png (PNG copy)> <./Imagedata_filted_L5R5.png (PNG copy)> <
./Imagedata_filted_L5S5.png (PNG copy)> <./Imagedata_filted_L5W5.png (PNG copy)
> <./Imagedata_filted_E5L5.png (PNG copy)> <./Imagedata_filted_E5E5.png (PNG co
py)>]

LaTeX Warning: Reference `enhance_seg_medfilt2' on page 6 undefined on input li
ne 299.

[6] [7]
<numofkey.png, id=47, 559.08875pt x 50.1875pt>
File: numofkey.png Graphic file (type png)
<use numofkey.png>
Package pdftex.def Info: numofkey.png  used on input line 384.
(pdftex.def)             Requested size: 223.63153pt x 20.07463pt.


LaTeX Warning: Reference `largestscalekp' on page 8 undefined on input line 389
.


LaTeX Warning: Reference `river1_largest' on page 8 undefined on input line 389
.

[8]

LaTeX Warning: Reference `1nn_river2' on page 9 undefined on input line 403.


LaTeX Warning: Reference `1nnpara' on page 9 undefined on input line 403.

[9 <./numofkey.png>]
<trainset.png, id=57, 323.2075pt x 251.94125pt>
File: trainset.png Graphic file (type png)
<use trainset.png>
Package pdftex.def Info: trainset.png  used on input line 422.
(pdftex.def)             Requested size: 129.2807pt x 100.7747pt.


LaTeX Warning: Reference `Zeros' on page 10 undefined on input line 426.


LaTeX Warning: Reference `ones' on page 10 undefined on input line 426.


LaTeX Warning: Reference `dist' on page 10 undefined on input line 444.


LaTeX Warning: Reference `eight_kp' on page 10 undefined on input line 446.

[10 <./trainset.png>] (./report copy.aux)

LaTeX Warning: There were undefined references.


LaTeX Warning: Label(s) may have changed. Rerun to get cross-references right.

 ) 
Here is how much of TeX's memory you used:
 3837 strings out of 494091
 57237 string characters out of 6163523
 142140 words of memory out of 5000000
 7448 multiletter control sequences out of 15000+600000
 12913 words of font info for 47 fonts, out of 8000000 for 9000
 319 hyphenation exceptions out of 8191
 44i,9n,49p,632b,434s stack positions out of 5000i,500n,10000p,200000b,80000s
</usr/local/texlive/2018basic/texmf-dist/fonts/type1/public/amsfonts/cm/cmbx1
0.pfb></usr/local/texlive/2018basic/texmf-dist/fonts/type1/public/amsfonts/cm/c
mbx12.pfb></usr/local/texlive/2018basic/texmf-dist/fonts/type1/public/amsfonts/
cm/cmex10.pfb></usr/local/texlive/2018basic/texmf-dist/fonts/type1/public/amsfo
nts/cm/cmmi10.pfb></usr/local/texlive/2018basic/texmf-dist/fonts/type1/public/a
msfonts/cm/cmmi8.pfb></usr/local/texlive/2018basic/texmf-dist/fonts/type1/publi
c/amsfonts/cm/cmmib10.pfb></usr/local/texlive/2018basic/texmf-dist/fonts/type1/
public/amsfonts/cm/cmr10.pfb></usr/local/texlive/2018basic/texmf-dist/fonts/typ
e1/public/amsfonts/cm/cmr6.pfb></usr/local/texlive/2018basic/texmf-dist/fonts/t
ype1/public/amsfonts/cm/cmr8.pfb></usr/local/texlive/2018basic/texmf-dist/fonts
/type1/public/amsfonts/cm/cmr9.pfb></usr/local/texlive/2018basic/texmf-dist/fon
ts/type1/public/amsfonts/cm/cmsy10.pfb></usr/local/texlive/2018basic/texmf-dist
/fonts/type1/public/amsfonts/cm/cmsy6.pfb></usr/local/texlive/2018basic/texmf-d
ist/fonts/type1/public/amsfonts/cm/cmsy8.pfb></usr/local/texlive/2018basic/texm
f-dist/fonts/type1/public/amsfonts/cm/cmti10.pfb></usr/local/texlive/2018basic/
texmf-dist/fonts/type1/public/amsfonts/symbols/msbm10.pfb>
Output written on "report copy.pdf" (10 pages, 1479001 bytes).
PDF statistics:
 110 PDF objects out of 1000 (max. 8388607)
 70 compressed objects within 1 object stream
 0 named destinations out of 1000 (max. 500000)
 51 words of extra memory for PDF output out of 10000 (max. 10000000)

